<?xml version="1.0" encoding="UTF-8"?>
<testng-results ignored="0" total="1" passed="1" failed="0" skipped="0">
  <reporter-output>
  </reporter-output>
  <suite started-at="2024-03-14T21:06:48 IST" name="Default suite" finished-at="2024-03-14T21:06:48 IST" duration-ms="300">
    <groups>
    </groups>
    <test started-at="2024-03-14T21:06:48 IST" name="Default test" finished-at="2024-03-14T21:06:48 IST" duration-ms="300">
      <class name="serializationUsingDDT.Serialization">
        <test-method signature="getSerializatioin()[pri:0, instance:serializationUsingDDT.Serialization@6cf0e0ba]" started-at="2024-03-14T21:06:48 IST" name="getSerializatioin" finished-at="2024-03-14T21:06:48 IST" duration-ms="261" status="PASS">
          <reporter-output>
          </reporter-output>
        </test-method> <!-- getSerializatioin -->
      </class> <!-- serializationUsingDDT.Serialization -->
    </test> <!-- Default test -->
  </suite> <!-- Default suite -->
</testng-results>
